# Preference setting overrides
gui_create_pref_key -category {Globals} -key {load_detail_for_funcov} -value_type {bool} -value {false}
gui_create_pref_category -category {schem_obj_name}
gui_create_pref_key -category {schem_obj_name} -key {show_cell_and_pin_with_symbol_name} -value_type {bool} -value {false}
gui_create_pref_key -category {schem_pin_hc} -key {textExtFont} -value_type {string} -value {Helvetica,10,-1,5,50,0,0,0,0,0}

# State setting overrides
gui_state_default_create -off -ini
gui_set_state_value -category Globals -key recent_databases -value {{gui_open_db -file wave.vcd.vpd} {gui_open_db -file /ecel/UFAD/huanyuwang/Documents/Fault_Injection/Host_Demo/Demo/1_wave/wave.vcd -design V1} {gui_open_db -file /ecel/UFAD/huanyuwang/Documents/Fault_Injection/Host_Demo/fanin_transient/designs/wave.vcd -design V1} {gui_open_db -file /ecel/UFAD/huanyuwang/Documents/Fault_Injection/Henian/RSA/RSA_ZOIX/ff.vcd -design V1} {gui_open_db -file /ecel/UFAD/huanyuwang/Documents/Fault_Injection/Henian/RSA/RSA_ZOIX/ff.fm1.vcd -design V1}}
gui_set_state_value -category Globals -key recent_sessions -value {{gui_load_session -ignore_errors -file /ecel/UFAD/huanyuwang/Documents/Fault_Injection/Host_Demo/Demo/1_wave/session.wave.vcd.vpd.tcl -ignore_errors} {gui_load_session -ignore_errors -file /ecel/UFAD/huanyuwang/Documents/Fault_Injection/Host_Demo/Demo/1_wave/session.wave.vcd.vpd.tcl} {gui_load_session -ignore_errors -file /ecel/UFAD/huanyuwang/Documents/Fault_Injection/z01x/fan_in_transient/session.ff.fm5.vcd.vpd.tcl}}
gui_set_state_value -category Layout -key child_console_size_x -value 1061
gui_set_state_value -category Layout -key child_console_size_y -value 174
gui_set_state_value -category Layout -key child_data_coltype -value 94
gui_set_state_value -category Layout -key child_data_colvalue -value 31
gui_set_state_value -category Layout -key child_data_colvariable -value 143
gui_set_state_value -category Layout -key child_data_size_x -value 174
gui_set_state_value -category Layout -key child_data_size_y -value 528
gui_set_state_value -category Layout -key child_driver_size_x -value 1269
gui_set_state_value -category Layout -key child_driver_size_y -value 249
gui_set_state_value -category Layout -key child_hier_col3 -value {-1}
gui_set_state_value -category Layout -key child_hier_colhier -value 153
gui_set_state_value -category Layout -key child_hier_colpd -value 0
gui_set_state_value -category Layout -key child_hier_coltype -value 105
gui_set_state_value -category Layout -key child_hier_size_x -value 263
gui_set_state_value -category Layout -key child_hier_size_y -value 528
gui_set_state_value -category Layout -key child_hier_sort_order -value 1
gui_set_state_value -category Layout -key child_list_down -value 200
gui_set_state_value -category Layout -key child_list_right -value 441
gui_set_state_value -category Layout -key child_schematic_docknewline -value false
gui_set_state_value -category Layout -key child_schematic_pos_x -value {-2}
gui_set_state_value -category Layout -key child_schematic_pos_y -value {-15}
gui_set_state_value -category Layout -key child_schematic_size_x -value 1399
gui_set_state_value -category Layout -key child_schematic_size_y -value 652
gui_set_state_value -category Layout -key child_source_docknewline -value false
gui_set_state_value -category Layout -key child_source_pos_x -value {-2}
gui_set_state_value -category Layout -key child_source_pos_y -value {-15}
gui_set_state_value -category Layout -key child_source_size_x -value 627
gui_set_state_value -category Layout -key child_source_size_y -value 523
gui_set_state_value -category Layout -key child_watch_size_x -value 640
gui_set_state_value -category Layout -key child_watch_size_y -value 179
gui_set_state_value -category Layout -key child_wave_left -value 250
gui_set_state_value -category Layout -key child_wave_right -value 609
gui_set_state_value -category Layout -key main_pos_x -value 146
gui_set_state_value -category Layout -key main_pos_y -value 205
gui_set_state_value -category Layout -key main_size_x -value 1207
gui_set_state_value -category Layout -key main_size_y -value 1006
gui_set_state_value -category Layout -key stand_list_child_docknewline -value false
gui_set_state_value -category Layout -key stand_list_child_pos_x -value {-2}
gui_set_state_value -category Layout -key stand_list_child_pos_y -value {-15}
gui_set_state_value -category Layout -key stand_list_child_size_x -value 601
gui_set_state_value -category Layout -key stand_list_child_size_y -value 345
gui_set_state_value -category Layout -key stand_list_top_pos_y -value 176
gui_set_state_value -category Layout -key stand_list_top_size_x -value 1096
gui_set_state_value -category Layout -key stand_list_top_size_y -value 672
gui_set_state_value -category Layout -key stand_source_child_docknewline -value false
gui_set_state_value -category Layout -key stand_source_child_pos_x -value {-2}
gui_set_state_value -category Layout -key stand_source_child_pos_y -value {-15}
gui_set_state_value -category Layout -key stand_source_child_size_x -value 612
gui_set_state_value -category Layout -key stand_source_child_size_y -value 523
gui_set_state_value -category Layout -key stand_wave_child_docknewline -value false
gui_set_state_value -category Layout -key stand_wave_child_pos_x -value {-2}
gui_set_state_value -category Layout -key stand_wave_child_pos_y -value {-15}
gui_set_state_value -category Layout -key stand_wave_child_size_x -value 869
gui_set_state_value -category Layout -key stand_wave_child_size_y -value 477
gui_set_state_value -category Layout -key stand_wave_top_pos_x -value 467
gui_set_state_value -category Layout -key stand_wave_top_pos_y -value 278
gui_set_state_value -category Layout -key stand_wave_top_size_x -value 1331
gui_set_state_value -category Layout -key stand_wave_top_size_y -value 883
gui_create_state_key -category FindDialog -key m_pMatchCase -value_type bool -value false
gui_create_state_key -category FindDialog -key m_pMatchWord -value_type bool -value false
gui_create_state_key -category FindDialog -key m_pUseCombo -value_type string -value {}
gui_create_state_key -category FindDialog -key m_pWrapAround -value_type bool -value true
gui_create_state_key -category Widget_History -key TopLevel.1|qt_left_dock|DockWnd2|DLPane.1|pages|Data.1|hbox|textfilter -value_type string -value {n9179 n4590 n4589 N23}
gui_create_state_key -category Widget_History -key {dlgSimSetup|m_setupTab|tab pages|SimTab|m_VPDCombo} -value_type string -value inter.vpd
gui_create_state_key -category Widget_History -key {dlgSimSetup|m_setupTab|tab pages|SimTab|m_argsCombo} -value_type string -value {{+v2k -a log.txt} {-ucligui +v2k -l log.txt}}
gui_create_state_key -category Widget_History -key {dlgSimSetup|m_setupTab|tab pages|SimTab|m_curDirCombo} -value_type string -value {/ecel/UFAD/huanyuwang/Documents/Fault_Injection/AES_FSM/vcs_1 /ecel/UFAD/huanyuwang/Documents/Fault_Injection/AES/vcs_fanin /ecel/UFAD/huanyuwang/Documents/Fault_Injection/AES/vcs /ecel/UFAD/huanyuwang/Documents/Fault_Injection/Simulation/test_1 /ecel/UFAD/huanyuwang/Documents/TA_AHS/tool_assignment/vcs}
gui_create_state_key -category Widget_History -key {dlgSimSetup|m_setupTab|tab pages|SimTab|m_exeCombo} -value_type string -value {simv /ecel/UFAD/huanyuwang/Documents/Fault_Injection/AES/vcs_fanin/simv /ecel/UFAD/huanyuwang/Documents/Fault_Injection/AES/vcs/simv /ecel/UFAD/huanyuwang/Documents/Fault_Injection/Simulation/test_1/simv /ecel/UFAD/huanyuwang/Documents/TA_AHS/tool_assignment/vcs/simv}
gui_state_default_create -off

# Begin command logging
gui_open_db -file wave.vcd.vpd
gui_wv_zoom_timerange -id  Wave.1 474154 932736
gui_list_expand -id  Hier.1   test
gui_list_expand -id  Hier.1   test.u0
